[01m[K/home/saya/Catchrobo2024/ROS2/src/cpp_package/DynamixelSDK/dynamixel_sdk_examples/src/pub_position_node.cpp:[m[K In constructor â€˜[01m[KJointPubNode::JointPubNode()[m[Kâ€™:
[01m[K/home/saya/Catchrobo2024/ROS2/src/cpp_package/DynamixelSDK/dynamixel_sdk_examples/src/pub_position_node.cpp:35:3:[m[K [01;31m[Kerror: [m[Kâ€˜[01m[Kjoy_subscriber_[m[Kâ€™ was not declared in this scope; did you mean â€˜[01m[Kcount_subscribers[m[Kâ€™?
   35 |   [01;31m[Kjoy_subscriber_[m[K = create_subscription<sensor_msgs::msg::Joy>(
      |   [01;31m[K^~~~~~~~~~~~~~~[m[K
      |   [32m[Kcount_subscribers[m[K
[01m[K/home/saya/Catchrobo2024/ROS2/src/cpp_package/DynamixelSDK/dynamixel_sdk_examples/src/pub_position_node.cpp:37:30:[m[K [01;31m[Kerror: [m[Kâ€˜[01m[KjoyCallback[m[Kâ€™ is not a member of â€˜[01m[KJointPubNode[m[Kâ€™
   37 |     std::bind(&JointPubNode::[01;31m[KjoyCallback[m[K, this, std::placeholders::_1)
      |                              [01;31m[K^~~~~~~~~~~[m[K
[01m[K/home/saya/Catchrobo2024/ROS2/src/cpp_package/DynamixelSDK/dynamixel_sdk_examples/src/pub_position_node.cpp:[m[K At global scope:
[01m[K/home/saya/Catchrobo2024/ROS2/src/cpp_package/DynamixelSDK/dynamixel_sdk_examples/src/pub_position_node.cpp:44:6:[m[K [01;31m[Kerror: [m[Kno declaration matches â€˜[01m[Kvoid JointPubNode::joyCallback(sensor_msgs::msg::Joy_<std::allocator<void> >::SharedPtr)[m[Kâ€™
   44 | void [01;31m[KJointPubNode[m[K::joyCallback(const sensor_msgs::msg::Joy::SharedPtr msg)
      |      [01;31m[K^~~~~~~~~~~~[m[K
[01m[K/home/saya/Catchrobo2024/ROS2/src/cpp_package/DynamixelSDK/dynamixel_sdk_examples/src/pub_position_node.cpp:44:6:[m[K [01;36m[Knote: [m[Kno functions named â€˜[01m[Kvoid JointPubNode::joyCallback(sensor_msgs::msg::Joy_<std::allocator<void> >::SharedPtr)[m[Kâ€™
In file included from [01m[K/home/saya/Catchrobo2024/ROS2/src/cpp_package/DynamixelSDK/dynamixel_sdk_examples/src/pub_position_node.cpp:19[m[K:
[01m[K/home/saya/Catchrobo2024/ROS2/src/cpp_package/DynamixelSDK/dynamixel_sdk_examples/include/pub_dynamixel_data_node.hpp:26:7:[m[K [01;36m[Knote: [m[Kâ€˜[01m[Kclass JointPubNode[m[Kâ€™ defined here
   26 | class [01;36m[KJointPubNode[m[K : public rclcpp::Node
      |       [01;36m[K^~~~~~~~~~~~[m[K
gmake[2]: *** [CMakeFiles/pub_position_node.dir/build.make:76: CMakeFiles/pub_position_node.dir/src/pub_position_node.cpp.o] Error 1
gmake[1]: *** [CMakeFiles/Makefile2:221: CMakeFiles/pub_position_node.dir/all] Error 2
gmake[1]: *** Waiting for unfinished jobs....
gmake: *** [Makefile:146: all] Error 2
