-- Found ament_cmake: 1.3.8 (/opt/ros/humble/share/ament_cmake/cmake)
-- Found dynamixel_sdk: 3.7.60 (/home/saya/Catchrobo2024/ROS2/install/dynamixel_sdk/share/dynamixel_sdk/cmake)
-- Found dynamixel_sdk_custom_interfaces: 3.7.60 (/home/saya/Catchrobo2024/ROS2/install/dynamixel_sdk_custom_interfaces/share/dynamixel_sdk_custom_interfaces/cmake)
-- Found rosidl_generator_c: 3.1.5 (/opt/ros/humble/share/rosidl_generator_c/cmake)
-- Found rosidl_adapter: 3.1.5 (/opt/ros/humble/share/rosidl_adapter/cmake)
-- Found rosidl_generator_cpp: 3.1.5 (/opt/ros/humble/share/rosidl_generator_cpp/cmake)
-- Using all available rosidl_typesupport_c: rosidl_typesupport_fastrtps_c;rosidl_typesupport_introspection_c
-- Using all available rosidl_typesupport_cpp: rosidl_typesupport_fastrtps_cpp;rosidl_typesupport_introspection_cpp
-- Found rclcpp: 16.0.8 (/opt/ros/humble/share/rclcpp/cmake)
-- Found rmw_implementation_cmake: 6.1.1 (/opt/ros/humble/share/rmw_implementation_cmake/cmake)
-- Found rmw_fastrtps_cpp: 6.2.6 (/opt/ros/humble/share/rmw_fastrtps_cpp/cmake)
-- Using RMW implementation 'rmw_fastrtps_cpp' as default
-- Found geometry_msgs: 4.2.3 (/opt/ros/humble/share/geometry_msgs/cmake)
-- Found sensor_msgs: 4.2.3 (/opt/ros/humble/share/sensor_msgs/cmake)
-- Found ament_lint_auto: 0.12.10 (/opt/ros/humble/share/ament_lint_auto/cmake)
-- Added test 'copyright' to check source files copyright and LICENSE
-- Added test 'cppcheck' to perform static code analysis on C / C++ code
-- Configured cppcheck include dirs: /home/saya/Catchrobo2024/ROS2/src/cpp_package/DynamixelSDK/dynamixel_sdk_examples/include
-- Configured cppcheck exclude dirs and/or files: 
-- Added test 'cpplint' to check C / C++ code against the Google style
-- Configured cpplint exclude dirs and/or files: 
-- Added test 'lint_cmake' to check CMake code style
-- Added test 'uncrustify' to check C / C++ code style
-- Configured uncrustify additional arguments: 
-- Added test 'xmllint' to check XML markup files
-- Configuring done
-- Generating done
-- Build files have been written to: /home/saya/Catchrobo2024/ROS2/build/dynamixel_sdk_examples
[35m[1mConsolidate compiler generated dependencies of target read_write_velocity_node[0m
[35m[1mConsolidate compiler generated dependencies of target pub_velocity_node[0m
[35m[1mConsolidate compiler generated dependencies of target pub_position_node[0m
[35m[1mConsolidate compiler generated dependencies of target read_write_position_node[0m
[ 25%] Built target read_write_velocity_node
[ 50%] Built target read_write_position_node
[ 62%] [32mBuilding CXX object CMakeFiles/pub_position_node.dir/src/pub_position_node.cpp.o[0m
[ 75%] [32mBuilding CXX object CMakeFiles/pub_velocity_node.dir/src/pub_velocity_node.cpp.o[0m
[01m[K/home/saya/Catchrobo2024/ROS2/src/cpp_package/DynamixelSDK/dynamixel_sdk_examples/src/pub_position_node.cpp:[m[K In constructor â€˜[01m[KJointPubNode::JointPubNode()[m[Kâ€™:
[01m[K/home/saya/Catchrobo2024/ROS2/src/cpp_package/DynamixelSDK/dynamixel_sdk_examples/src/pub_position_node.cpp:35:3:[m[K [01;31m[Kerror: [m[Kâ€˜[01m[Kjoy_subscriber_[m[Kâ€™ was not declared in this scope; did you mean â€˜[01m[Kcount_subscribers[m[Kâ€™?
   35 |   [01;31m[Kjoy_subscriber_[m[K = create_subscription<sensor_msgs::msg::Joy>(
      |   [01;31m[K^~~~~~~~~~~~~~~[m[K
      |   [32m[Kcount_subscribers[m[K
[01m[K/home/saya/Catchrobo2024/ROS2/src/cpp_package/DynamixelSDK/dynamixel_sdk_examples/src/pub_position_node.cpp:37:30:[m[K [01;31m[Kerror: [m[Kâ€˜[01m[KjoyCallback[m[Kâ€™ is not a member of â€˜[01m[KJointPubNode[m[Kâ€™
   37 |     std::bind(&JointPubNode::[01;31m[KjoyCallback[m[K, this, std::placeholders::_1)
      |                              [01;31m[K^~~~~~~~~~~[m[K
[01m[K/home/saya/Catchrobo2024/ROS2/src/cpp_package/DynamixelSDK/dynamixel_sdk_examples/src/pub_position_node.cpp:[m[K At global scope:
[01m[K/home/saya/Catchrobo2024/ROS2/src/cpp_package/DynamixelSDK/dynamixel_sdk_examples/src/pub_position_node.cpp:44:6:[m[K [01;31m[Kerror: [m[Kno declaration matches â€˜[01m[Kvoid JointPubNode::joyCallback(sensor_msgs::msg::Joy_<std::allocator<void> >::SharedPtr)[m[Kâ€™
   44 | void [01;31m[KJointPubNode[m[K::joyCallback(const sensor_msgs::msg::Joy::SharedPtr msg)
      |      [01;31m[K^~~~~~~~~~~~[m[K
[01m[K/home/saya/Catchrobo2024/ROS2/src/cpp_package/DynamixelSDK/dynamixel_sdk_examples/src/pub_position_node.cpp:44:6:[m[K [01;36m[Knote: [m[Kno functions named â€˜[01m[Kvoid JointPubNode::joyCallback(sensor_msgs::msg::Joy_<std::allocator<void> >::SharedPtr)[m[Kâ€™
In file included from [01m[K/home/saya/Catchrobo2024/ROS2/src/cpp_package/DynamixelSDK/dynamixel_sdk_examples/src/pub_position_node.cpp:19[m[K:
[01m[K/home/saya/Catchrobo2024/ROS2/src/cpp_package/DynamixelSDK/dynamixel_sdk_examples/include/pub_dynamixel_data_node.hpp:26:7:[m[K [01;36m[Knote: [m[Kâ€˜[01m[Kclass JointPubNode[m[Kâ€™ defined here
   26 | class [01;36m[KJointPubNode[m[K : public rclcpp::Node
      |       [01;36m[K^~~~~~~~~~~~[m[K
gmake[2]: *** [CMakeFiles/pub_position_node.dir/build.make:76: CMakeFiles/pub_position_node.dir/src/pub_position_node.cpp.o] Error 1
gmake[1]: *** [CMakeFiles/Makefile2:221: CMakeFiles/pub_position_node.dir/all] Error 2
gmake[1]: *** Waiting for unfinished jobs....
[ 87%] [32m[1mLinking CXX executable pub_velocity_node[0m
[ 87%] Built target pub_velocity_node
gmake: *** [Makefile:146: all] Error 2
