[35m[1mConsolidate compiler generated dependencies of target pub_position_node[0m
[ 25%] Built target read_write_velocity_node
[ 50%] Built target pub_velocity_node
[ 75%] Built target read_write_position_node
[ 87%] [32mBuilding CXX object CMakeFiles/pub_position_node.dir/src/pub_position_node.cpp.o[0m
[01m[K/home/saya/Catchrobo2024/ROS2/src/cpp_package/DynamixelSDK/dynamixel_sdk_examples/src/pub_position_node.cpp:[m[K In constructor â€˜[01m[KJointPubNode::JointPubNode()[m[Kâ€™:
[01m[K/home/saya/Catchrobo2024/ROS2/src/cpp_package/DynamixelSDK/dynamixel_sdk_examples/src/pub_position_node.cpp:40:9:[m[K [01;35m[Kwarning: [m[Kunused variable â€˜[01m[Kbutton_data[m[Kâ€™ [[01;35m[K]8;;https://gcc.gnu.org/onlinedocs/gcc/Warning-Options.html#index-Wunused-variable-Wunused-variable]8;;[m[K]
   40 |   float [01;35m[Kbutton_data[m[K = 0;
      |         [01;35m[K^~~~~~~~~~~[m[K
[01m[K/home/saya/Catchrobo2024/ROS2/src/cpp_package/DynamixelSDK/dynamixel_sdk_examples/src/pub_position_node.cpp:[m[K In member function â€˜[01m[Kvoid JointPubNode::joyCallback(sensor_msgs::msg::Joy_<std::allocator<void> >::SharedPtr)[m[Kâ€™:
[01m[K/home/saya/Catchrobo2024/ROS2/src/cpp_package/DynamixelSDK/dynamixel_sdk_examples/src/pub_position_node.cpp:54:3:[m[K [01;31m[Kerror: [m[Kâ€˜[01m[Kbutton_data[m[Kâ€™ was not declared in this scope
   54 |   [01;31m[Kbutton_data[m[K = msg->axes[0];
      |   [01;31m[K^~~~~~~~~~~[m[K
[01m[K/home/saya/Catchrobo2024/ROS2/src/cpp_package/DynamixelSDK/dynamixel_sdk_examples/src/pub_position_node.cpp:[m[K In member function â€˜[01m[Kvoid JointPubNode::publishData()[m[Kâ€™:
[01m[K/home/saya/Catchrobo2024/ROS2/src/cpp_package/DynamixelSDK/dynamixel_sdk_examples/src/pub_position_node.cpp:67:6:[m[K [01;31m[Kerror: [m[Kâ€˜[01m[Kbutton_data[m[Kâ€™ was not declared in this scope
   67 |   if([01;31m[Kbutton_data[m[K = 1.0){
      |      [01;31m[K^~~~~~~~~~~[m[K
gmake[2]: *** [CMakeFiles/pub_position_node.dir/build.make:76: CMakeFiles/pub_position_node.dir/src/pub_position_node.cpp.o] Error 1
gmake[1]: *** [CMakeFiles/Makefile2:221: CMakeFiles/pub_position_node.dir/all] Error 2
gmake: *** [Makefile:146: all] Error 2
