[ 25%] Built target read_write_velocity_node
[ 87%] Built target pub_velocity_node
[ 75%] [32mBuilding CXX object CMakeFiles/pub_position_node.dir/src/pub_position_node.cpp.o[0m
[ 87%] Built target read_write_position_node
[01m[K/home/saya/Catchrobo2024/ROS2/src/cpp_package/DynamixelSDK/dynamixel_sdk_examples/src/pub_position_node.cpp:20:10:[m[K [01;31m[Kfatal error: [m[Ksensor_msgs/msg/joy.hpp: No such file or directory
   20 | #include [01;31m[K"sensor_msgs/msg/joy.hpp"[m[K  // Joyãƒ¡ãƒƒã‚»ãƒ¼ã‚¸ã‚’ã‚¤ãƒ³ã‚¯ãƒ«ãƒ¼ãƒ‰
      |          [01;31m[K^~~~~~~~~~~~~~~~~~~~~~~~~[m[K
compilation terminated.
gmake[2]: *** [CMakeFiles/pub_position_node.dir/build.make:76: CMakeFiles/pub_position_node.dir/src/pub_position_node.cpp.o] Error 1
gmake[1]: *** [CMakeFiles/Makefile2:221: CMakeFiles/pub_position_node.dir/all] Error 2
gmake: *** [Makefile:146: all] Error 2
