[0.013s] Invoking command in '/home/saya/Catchrobo2024/ROS2/build/dynamixel_sdk_examples': AMENT_PREFIX_PATH=/home/saya/Catchrobo2024/ROS2/install/dynamixel_sdk_custom_interfaces:/home/saya/Catchrobo2024/ROS2/install/dynamixel_sdk:${AMENT_PREFIX_PATH} CMAKE_PREFIX_PATH=/home/saya/Catchrobo2024/ROS2/install/dynamixel_sdk_custom_interfaces:/home/saya/Catchrobo2024/ROS2/install/dynamixel_sdk:/home/saya/ros2_ws/install/polygon_plugins:/home/saya/ros2_ws/install/polygon_base:/home/saya/ros2_ws/install/more_interfaces:/home/saya/ros2_ws/install/cpp_topic_pubsub:/home/saya/ros2_ws/install/cpp_srvcli:/home/saya/ros2_ws/install/cpp_server_client:/home/saya/ros2_ws/install/cpp_pubsub:/home/saya/ros2_ws/install/cpp_parameters:/home/saya/ros2_ws/install/bag_recorder_nodes:/home/saya/ros2_ws/install/action_tutorials_cpp:/opt/ros/humble LD_LIBRARY_PATH=/home/saya/Catchrobo2024/ROS2/install/dynamixel_sdk_custom_interfaces/lib:/home/saya/Catchrobo2024/ROS2/install/dynamixel_sdk/lib:${LD_LIBRARY_PATH} PYTHONPATH=/home/saya/Catchrobo2024/ROS2/install/dynamixel_sdk_custom_interfaces/local/lib/python3.10/dist-packages:${PYTHONPATH} /usr/bin/cmake --build /home/saya/Catchrobo2024/ROS2/build/dynamixel_sdk_examples -- -j16 -l16
[0.092s] [ 25%] Built target read_write_velocity_node
[0.094s] [ 87%] Built target pub_velocity_node
[0.094s] [ 75%] [32mBuilding CXX object CMakeFiles/pub_position_node.dir/src/pub_position_node.cpp.o[0m
[0.094s] [ 87%] Built target read_write_position_node
[0.474s] [01m[K/home/saya/Catchrobo2024/ROS2/src/cpp_package/DynamixelSDK/dynamixel_sdk_examples/src/pub_position_node.cpp:20:10:[m[K [01;31m[Kfatal error: [m[Ksensor_msgs/msg/joy.hpp: No such file or directory
[0.474s]    20 | #include [01;31m[K"sensor_msgs/msg/joy.hpp"[m[K  // Joyãƒ¡ãƒƒã‚»ãƒ¼ã‚¸ã‚’ã‚¤ãƒ³ã‚¯ãƒ«ãƒ¼ãƒ‰
[0.474s]       |          [01;31m[K^~~~~~~~~~~~~~~~~~~~~~~~~[m[K
[0.474s] compilation terminated.
[0.476s] gmake[2]: *** [CMakeFiles/pub_position_node.dir/build.make:76: CMakeFiles/pub_position_node.dir/src/pub_position_node.cpp.o] Error 1
[0.476s] gmake[1]: *** [CMakeFiles/Makefile2:221: CMakeFiles/pub_position_node.dir/all] Error 2
[0.476s] gmake: *** [Makefile:146: all] Error 2
[0.478s] Invoked command in '/home/saya/Catchrobo2024/ROS2/build/dynamixel_sdk_examples' returned '2': AMENT_PREFIX_PATH=/home/saya/Catchrobo2024/ROS2/install/dynamixel_sdk_custom_interfaces:/home/saya/Catchrobo2024/ROS2/install/dynamixel_sdk:${AMENT_PREFIX_PATH} CMAKE_PREFIX_PATH=/home/saya/Catchrobo2024/ROS2/install/dynamixel_sdk_custom_interfaces:/home/saya/Catchrobo2024/ROS2/install/dynamixel_sdk:/home/saya/ros2_ws/install/polygon_plugins:/home/saya/ros2_ws/install/polygon_base:/home/saya/ros2_ws/install/more_interfaces:/home/saya/ros2_ws/install/cpp_topic_pubsub:/home/saya/ros2_ws/install/cpp_srvcli:/home/saya/ros2_ws/install/cpp_server_client:/home/saya/ros2_ws/install/cpp_pubsub:/home/saya/ros2_ws/install/cpp_parameters:/home/saya/ros2_ws/install/bag_recorder_nodes:/home/saya/ros2_ws/install/action_tutorials_cpp:/opt/ros/humble LD_LIBRARY_PATH=/home/saya/Catchrobo2024/ROS2/install/dynamixel_sdk_custom_interfaces/lib:/home/saya/Catchrobo2024/ROS2/install/dynamixel_sdk/lib:${LD_LIBRARY_PATH} PYTHONPATH=/home/saya/Catchrobo2024/ROS2/install/dynamixel_sdk_custom_interfaces/local/lib/python3.10/dist-packages:${PYTHONPATH} /usr/bin/cmake --build /home/saya/Catchrobo2024/ROS2/build/dynamixel_sdk_examples -- -j16 -l16
